\BOOKMARK [0][-]{chapter.1}{Introduction}{}% 1
\BOOKMARK [0][-]{chapter.2}{Modelling}{}% 2
\BOOKMARK [1][-]{section.2.1}{The electricity model}{chapter.2}% 3
\BOOKMARK [2][-]{subsection.2.1.1}{Purpose of the model}{section.2.1}% 4
\BOOKMARK [2][-]{subsection.2.1.2}{Entities, state variables and scales}{section.2.1}% 5
\BOOKMARK [2][-]{subsection.2.1.3}{Process overview and scheduling}{section.2.1}% 6
\BOOKMARK [2][-]{subsection.2.1.4}{Design concepts}{section.2.1}% 7
\BOOKMARK [2][-]{subsection.2.1.5}{Initialisation}{section.2.1}% 8
\BOOKMARK [2][-]{subsection.2.1.6}{Input data}{section.2.1}% 9
\BOOKMARK [2][-]{subsection.2.1.7}{Submodels}{section.2.1}% 10
\BOOKMARK [1][-]{section.2.2}{The policy process model}{chapter.2}% 11
\BOOKMARK [2][-]{subsection.2.2.1}{Purpose of the model}{section.2.2}% 12
\BOOKMARK [2][-]{subsection.2.2.2}{Entities, state variables and scales}{section.2.2}% 13
\BOOKMARK [2][-]{subsection.2.2.3}{Process overview and scheduling}{section.2.2}% 14
\BOOKMARK [2][-]{subsection.2.2.4}{Design concepts}{section.2.2}% 15
\BOOKMARK [2][-]{subsection.2.2.5}{Input data}{section.2.2}% 16
\BOOKMARK [2][-]{subsection.2.2.6}{Submodels}{section.2.2}% 17
\BOOKMARK [1][-]{section.2.3}{The hybrid model}{chapter.2}% 18
\BOOKMARK [2][-]{subsection.2.3.1}{The hybrid model}{section.2.3}% 19
\BOOKMARK [2][-]{subsection.2.3.2}{The problem tree}{section.2.3}% 20
\BOOKMARK [2][-]{subsection.2.3.3}{The policy instruments}{section.2.3}% 21
\BOOKMARK [0][-]{chapter.3}{Implementation}{}% 22
\BOOKMARK [1][-]{section.3.1}{The electricity model}{chapter.3}% 23
\BOOKMARK [2][-]{subsection.3.1.1}{Electricity costs calculation per technology}{section.3.1}% 24
\BOOKMARK [2][-]{subsection.3.1.2}{Supply amount per technology}{section.3.1}% 25
\BOOKMARK [2][-]{subsection.3.1.3}{Investment approach}{section.3.1}% 26
\BOOKMARK [1][-]{section.3.2}{The policy process model}{chapter.3}% 27
\BOOKMARK [2][-]{subsection.3.2.1}{The process}{section.3.2}% 28
\BOOKMARK [2][-]{subsection.3.2.2}{The subsystems}{section.3.2}% 29
\BOOKMARK [2][-]{subsection.3.2.3}{The agents}{section.3.2}% 30
\BOOKMARK [2][-]{subsection.3.2.4}{The actions and interactions}{section.3.2}% 31
\BOOKMARK [1][-]{section.3.3}{The hybrid model}{chapter.3}% 32
\BOOKMARK [2][-]{subsection.3.3.1}{KPI calculations}{section.3.3}% 33
\BOOKMARK [0][-]{chapter.4}{Code documentation}{}% 34
\BOOKMARK [1][-]{section.4.1}{The electricity model}{chapter.4}% 35
\BOOKMARK [2][-]{subsection.4.1.1}{run\137elec.py}{section.4.1}% 36
\BOOKMARK [2][-]{subsection.4.1.2}{model\137elec.py}{section.4.1}% 37
\BOOKMARK [2][-]{subsection.4.1.3}{asset.py}{section.4.1}% 38
\BOOKMARK [2][-]{subsection.4.1.4}{model\137elec\137agents.py}{section.4.1}% 39
\BOOKMARK [2][-]{subsection.4.1.5}{model\137elec\137assets.py}{section.4.1}% 40
\BOOKMARK [2][-]{subsection.4.1.6}{model\137elec\137agents\137init.py}{section.4.1}% 41
\BOOKMARK [2][-]{subsection.4.1.7}{model\137elec\137assets\137init.py}{section.4.1}% 42
\BOOKMARK [1][-]{section.4.2}{The policy process model}{chapter.4}% 43
\BOOKMARK [2][-]{subsection.4.2.1}{model\137SM.py}{section.4.2}% 44
\BOOKMARK [2][-]{subsection.4.2.2}{model\137SM\137agents.py}{section.4.2}% 45
\BOOKMARK [2][-]{subsection.4.2.3}{model\137SM\137agents\137initialisation.py}{section.4.2}% 46
\BOOKMARK [2][-]{subsection.4.2.4}{model\137SM\137policyImpact.py}{section.4.2}% 47
\BOOKMARK [1][-]{section.4.3}{The hybrid model}{chapter.4}% 48
\BOOKMARK [2][-]{subsection.4.3.1}{run\137batch.py}{section.4.3}% 49
\BOOKMARK [2][-]{subsection.4.3.2}{model\137module\137interface.py}{section.4.3}% 50
\BOOKMARK [0][-]{chapter.5}{Inputs}{}% 51
\BOOKMARK [1][-]{section.5.1}{The electricity model}{chapter.5}% 52
\BOOKMARK [2][-]{subsection.5.1.1}{Asset investments}{section.5.1}% 53
\BOOKMARK [2][-]{subsection.5.1.2}{Gas and emission prices}{section.5.1}% 54
\BOOKMARK [2][-]{subsection.5.1.3}{Water inflow}{section.5.1}% 55
\BOOKMARK [2][-]{subsection.5.1.4}{Waste inflow}{section.5.1}% 56
\BOOKMARK [2][-]{subsection.5.1.5}{Nuclear fuel price}{section.5.1}% 57
\BOOKMARK [2][-]{subsection.5.1.6}{Solar radiation and wind capacity}{section.5.1}% 58
\BOOKMARK [2][-]{subsection.5.1.7}{Run of river}{section.5.1}% 59
\BOOKMARK [2][-]{subsection.5.1.8}{Foreign capacity}{section.5.1}% 60
\BOOKMARK [1][-]{section.5.2}{The policy process model}{chapter.5}% 61
\BOOKMARK [1][-]{section.5.3}{The hybrid model}{chapter.5}% 62
\BOOKMARK [0][-]{chapter.6}{Model simulation}{}% 63
\BOOKMARK [1][-]{section.6.1}{The steps for model integration}{chapter.6}% 64
\BOOKMARK [1][-]{section.6.2}{The steps for model simulation}{chapter.6}% 65
\BOOKMARK [0][-]{chapter.7}{Verification}{}% 66
\BOOKMARK [1][-]{section.7.1}{The electricity model}{chapter.7}% 67
\BOOKMARK [1][-]{section.7.2}{The policy process model}{chapter.7}% 68
\BOOKMARK [1][-]{section.7.3}{The hybrid model}{chapter.7}% 69
\BOOKMARK [0][-]{chapter.8}{Experiments}{}% 70
\BOOKMARK [1][-]{section.8.1}{The model hypotheses}{chapter.8}% 71
\BOOKMARK [1][-]{section.8.2}{The scenarios}{chapter.8}% 72
\BOOKMARK [2][-]{subsection.8.2.1}{Electorate goal changes}{section.8.2}% 73
\BOOKMARK [2][-]{subsection.8.2.2}{Growth demand}{section.8.2}% 74
\BOOKMARK [1][-]{section.8.3}{The initialisation of the model}{chapter.8}% 75
\BOOKMARK [2][-]{subsection.8.3.1}{The policy process model}{section.8.3}% 76
\BOOKMARK [0][-]{chapter.9}{Model initialisation}{}% 77
\BOOKMARK [0][-]{chapter.10}{Results}{}% 78
\BOOKMARK [0][-]{chapter.11}{Conclusions}{}% 79
\BOOKMARK [0][-]{appendix.A}{Dear Diary}{}% 80
\BOOKMARK [1][-]{section.A.1}{22/10/2019}{appendix.A}% 81
\BOOKMARK [1][-]{section.A.2}{23/10/2019}{appendix.A}% 82
\BOOKMARK [1][-]{section.A.3}{24/10/2019}{appendix.A}% 83
\BOOKMARK [1][-]{section.A.4}{25/10/2019}{appendix.A}% 84
