\BOOKMARK [0][-]{chapter.1}{Introduction}{}% 1
\BOOKMARK [0][-]{chapter.2}{Modelling}{}% 2
\BOOKMARK [1][-]{section.2.1}{The electricity model}{chapter.2}% 3
\BOOKMARK [2][-]{subsection.2.1.1}{Purpose of the model}{section.2.1}% 4
\BOOKMARK [2][-]{subsection.2.1.2}{Entities, state variables and scales}{section.2.1}% 5
\BOOKMARK [2][-]{subsection.2.1.3}{Process overview and scheduling}{section.2.1}% 6
\BOOKMARK [2][-]{subsection.2.1.4}{Design concepts}{section.2.1}% 7
\BOOKMARK [2][-]{subsection.2.1.5}{Initialisation}{section.2.1}% 8
\BOOKMARK [2][-]{subsection.2.1.6}{Input data}{section.2.1}% 9
\BOOKMARK [2][-]{subsection.2.1.7}{Submodels}{section.2.1}% 10
\BOOKMARK [1][-]{section.2.2}{The policy process model}{chapter.2}% 11
\BOOKMARK [2][-]{subsection.2.2.1}{Purpose of the model}{section.2.2}% 12
\BOOKMARK [2][-]{subsection.2.2.2}{Entities, state variables and scales}{section.2.2}% 13
\BOOKMARK [2][-]{subsection.2.2.3}{Process overview and scheduling}{section.2.2}% 14
\BOOKMARK [2][-]{subsection.2.2.4}{Design concepts}{section.2.2}% 15
\BOOKMARK [2][-]{subsection.2.2.5}{Input data}{section.2.2}% 16
\BOOKMARK [2][-]{subsection.2.2.6}{Submodels}{section.2.2}% 17
\BOOKMARK [1][-]{section.2.3}{The hybrid model}{chapter.2}% 18
\BOOKMARK [2][-]{subsection.2.3.1}{The hybrid model}{section.2.3}% 19
\BOOKMARK [2][-]{subsection.2.3.2}{The problem tree}{section.2.3}% 20
\BOOKMARK [2][-]{subsection.2.3.3}{The policy instruments}{section.2.3}% 21
\BOOKMARK [0][-]{chapter.3}{Implementation}{}% 22
\BOOKMARK [1][-]{section.3.1}{The electricity model}{chapter.3}% 23
\BOOKMARK [2][-]{subsection.3.1.1}{Electricity costs calculation per technology}{section.3.1}% 24
\BOOKMARK [2][-]{subsection.3.1.2}{Supply amount per technology}{section.3.1}% 25
\BOOKMARK [2][-]{subsection.3.1.3}{Investment approach}{section.3.1}% 26
\BOOKMARK [1][-]{section.3.2}{The policy process model}{chapter.3}% 27
\BOOKMARK [1][-]{section.3.3}{Common core}{chapter.3}% 28
\BOOKMARK [2][-]{subsection.3.3.1}{The subsystems}{section.3.3}% 29
\BOOKMARK [2][-]{subsection.3.3.2}{The agents}{section.3.3}% 30
\BOOKMARK [2][-]{subsection.3.3.3}{Belief hierarchy}{section.3.3}% 31
\BOOKMARK [2][-]{subsection.3.3.4}{Policy network}{section.3.3}% 32
\BOOKMARK [2][-]{subsection.3.3.5}{Affiliation network}{section.3.3}% 33
\BOOKMARK [2][-]{subsection.3.3.6}{The actions - Policy Makers}{section.3.3}% 34
\BOOKMARK [2][-]{subsection.3.3.7}{Preference calculation \(issues\)}{section.3.3}% 35
\BOOKMARK [2][-]{subsection.3.3.8}{Partial knowledge and awareness decay}{section.3.3}% 36
\BOOKMARK [2][-]{subsection.3.3.9}{Agenda and agenda selection}{section.3.3}% 37
\BOOKMARK [2][-]{subsection.3.3.10}{The actions - Policy entrepreneurs}{section.3.3}% 38
\BOOKMARK [2][-]{subsection.3.3.11}{The actions - External parties}{section.3.3}% 39
\BOOKMARK [2][-]{subsection.3.3.12}{Electorate passive action on policy makers}{section.3.3}% 40
\BOOKMARK [2][-]{subsection.3.3.13}{Policy instruments}{section.3.3}% 41
\BOOKMARK [2][-]{subsection.3.3.14}{Preference calculation \(instruments\)}{section.3.3}% 42
\BOOKMARK [2][-]{subsection.3.3.15}{Policy instrument selection and implementation}{section.3.3}% 43
\BOOKMARK [2][-]{subsection.3.3.16}{External events}{section.3.3}% 44
\BOOKMARK [2][-]{subsection.3.3.17}{The model cycle}{section.3.3}% 45
\BOOKMARK [1][-]{section.3.4}{Three streams theory}{chapter.3}% 46
\BOOKMARK [2][-]{subsection.3.4.1}{The policy instruments}{section.3.4}% 47
\BOOKMARK [2][-]{subsection.3.4.2}{Preference calculation \(problems and policies\)}{section.3.4}% 48
\BOOKMARK [2][-]{subsection.3.4.3}{The actions \(active agents\)}{section.3.4}% 49
\BOOKMARK [2][-]{subsection.3.4.4}{The teams}{section.3.4}% 50
\BOOKMARK [2][-]{subsection.3.4.5}{Note on the agent individual belief actions}{section.3.4}% 51
\BOOKMARK [2][-]{subsection.3.4.6}{The model cycle}{section.3.4}% 52
\BOOKMARK [1][-]{section.3.5}{The advocacy framework coalition}{chapter.3}% 53
\BOOKMARK [2][-]{subsection.3.5.1}{Coalitions}{section.3.5}% 54
\BOOKMARK [2][-]{subsection.3.5.2}{Coalition creation}{section.3.5}% 55
\BOOKMARK [2][-]{subsection.3.5.3}{Intra-coalition actions}{section.3.5}% 56
\BOOKMARK [2][-]{subsection.3.5.4}{Inter-coalition actions}{section.3.5}% 57
\BOOKMARK [2][-]{subsection.3.5.5}{The ACF cycle}{section.3.5}% 58
\BOOKMARK [1][-]{section.3.6}{Feedback theory}{chapter.3}% 59
\BOOKMARK [1][-]{section.3.7}{Diffusion theory}{chapter.3}% 60
\BOOKMARK [2][-]{subsection.3.7.1}{Super-policy network}{section.3.7}% 61
\BOOKMARK [2][-]{subsection.3.7.2}{Subsystem network}{section.3.7}% 62
\BOOKMARK [2][-]{subsection.3.7.3}{The diffusion cycle}{section.3.7}% 63
\BOOKMARK [1][-]{section.3.8}{The hybrid model}{chapter.3}% 64
\BOOKMARK [2][-]{subsection.3.8.1}{KPI calculations}{section.3.8}% 65
\BOOKMARK [0][-]{chapter.4}{Code documentation}{}% 66
\BOOKMARK [1][-]{section.4.1}{The electricity model}{chapter.4}% 67
\BOOKMARK [2][-]{subsection.4.1.1}{run\137elec.py}{section.4.1}% 68
\BOOKMARK [2][-]{subsection.4.1.2}{model\137elec.py}{section.4.1}% 69
\BOOKMARK [2][-]{subsection.4.1.3}{asset.py}{section.4.1}% 70
\BOOKMARK [2][-]{subsection.4.1.4}{model\137elec\137agents.py}{section.4.1}% 71
\BOOKMARK [2][-]{subsection.4.1.5}{model\137elec\137assets.py}{section.4.1}% 72
\BOOKMARK [2][-]{subsection.4.1.6}{model\137elec\137agents\137init.py}{section.4.1}% 73
\BOOKMARK [2][-]{subsection.4.1.7}{model\137elec\137assets\137init.py}{section.4.1}% 74
\BOOKMARK [1][-]{section.4.2}{The policy process model}{chapter.4}% 75
\BOOKMARK [2][-]{subsection.4.2.1}{model\137SM.py}{section.4.2}% 76
\BOOKMARK [2][-]{subsection.4.2.2}{model\137SM\137agents.py}{section.4.2}% 77
\BOOKMARK [2][-]{subsection.4.2.3}{model\137SM\137agents\137initialisation.py}{section.4.2}% 78
\BOOKMARK [2][-]{subsection.4.2.4}{model\137SM\137policyImpact.py}{section.4.2}% 79
\BOOKMARK [1][-]{section.4.3}{The hybrid model}{chapter.4}% 80
\BOOKMARK [2][-]{subsection.4.3.1}{run\137batch.py}{section.4.3}% 81
\BOOKMARK [2][-]{subsection.4.3.2}{model\137module\137interface.py}{section.4.3}% 82
\BOOKMARK [0][-]{chapter.5}{Inputs}{}% 83
\BOOKMARK [1][-]{section.5.1}{The electricity model}{chapter.5}% 84
\BOOKMARK [2][-]{subsection.5.1.1}{Asset investments}{section.5.1}% 85
\BOOKMARK [2][-]{subsection.5.1.2}{Gas and emission prices}{section.5.1}% 86
\BOOKMARK [2][-]{subsection.5.1.3}{Water inflow}{section.5.1}% 87
\BOOKMARK [2][-]{subsection.5.1.4}{Waste inflow}{section.5.1}% 88
\BOOKMARK [2][-]{subsection.5.1.5}{Nuclear fuel price}{section.5.1}% 89
\BOOKMARK [2][-]{subsection.5.1.6}{Solar radiation and wind capacity}{section.5.1}% 90
\BOOKMARK [2][-]{subsection.5.1.7}{Run of river}{section.5.1}% 91
\BOOKMARK [2][-]{subsection.5.1.8}{Foreign capacity}{section.5.1}% 92
\BOOKMARK [1][-]{section.5.2}{The policy process model}{chapter.5}% 93
\BOOKMARK [1][-]{section.5.3}{The hybrid model}{chapter.5}% 94
\BOOKMARK [0][-]{chapter.6}{Model simulation}{}% 95
\BOOKMARK [1][-]{section.6.1}{The steps for model integration}{chapter.6}% 96
\BOOKMARK [1][-]{section.6.2}{The steps for model simulation}{chapter.6}% 97
\BOOKMARK [0][-]{chapter.7}{Verification}{}% 98
\BOOKMARK [1][-]{section.7.1}{Model assumptions}{chapter.7}% 99
\BOOKMARK [1][-]{section.7.2}{Recording and tracking agent behaviour}{chapter.7}% 100
\BOOKMARK [1][-]{section.7.3}{Single-agent testing}{chapter.7}% 101
\BOOKMARK [1][-]{section.7.4}{Interaction testing in a minimal model}{chapter.7}% 102
\BOOKMARK [1][-]{section.7.5}{Design concepts}{chapter.7}% 103
\BOOKMARK [1][-]{section.7.6}{Multi-agent testing}{chapter.7}% 104
\BOOKMARK [0][-]{chapter.8}{Experiments}{}% 105
\BOOKMARK [1][-]{section.8.1}{The model hypotheses}{chapter.8}% 106
\BOOKMARK [1][-]{section.8.2}{The scenarios}{chapter.8}% 107
\BOOKMARK [2][-]{subsection.8.2.1}{Electorate goal changes}{section.8.2}% 108
\BOOKMARK [2][-]{subsection.8.2.2}{Growth demand}{section.8.2}% 109
\BOOKMARK [1][-]{section.8.3}{The initialisation of the model}{chapter.8}% 110
\BOOKMARK [2][-]{subsection.8.3.1}{The policy process model}{section.8.3}% 111
\BOOKMARK [0][-]{chapter.9}{Model initialisation}{}% 112
\BOOKMARK [0][-]{chapter.10}{Results}{}% 113
\BOOKMARK [0][-]{chapter.11}{Conclusions}{}% 114
\BOOKMARK [0][-]{appendix.A}{Dear Diary}{}% 115
\BOOKMARK [1][-]{section.A.1}{22/10/2019}{appendix.A}% 116
\BOOKMARK [1][-]{section.A.2}{23/10/2019}{appendix.A}% 117
\BOOKMARK [1][-]{section.A.3}{24/10/2019}{appendix.A}% 118
\BOOKMARK [1][-]{section.A.4}{25/10/2019}{appendix.A}% 119
